d:\我的文档\visual studio 2015\projects\directxsamples\mygame\release\mygame.pch
d:\我的文档\visual studio 2015\projects\directxsamples\mygame\release\vc140.pdb
d:\我的文档\visual studio 2015\projects\directxsamples\mygame\release\dxut.obj
d:\我的文档\visual studio 2015\projects\directxsamples\mygame\release\mygame.obj
d:\我的文档\visual studio 2015\projects\directxsamples\mygame\release\myd3d.obj
d:\我的文档\visual studio 2015\projects\directxsamples\mygame\release\game_map.obj
d:\我的文档\visual studio 2015\projects\directxsamples\mygame\release\sdkmisc.obj
d:\我的文档\visual studio 2015\projects\directxsamples\mygame\release\sdkmesh.obj
d:\我的文档\visual studio 2015\projects\directxsamples\mygame\release\dxutsettingsdlg.obj
d:\我的文档\visual studio 2015\projects\directxsamples\mygame\release\dxutres.obj
d:\我的文档\visual studio 2015\projects\directxsamples\mygame\release\dxutgui.obj
d:\我的文档\visual studio 2015\projects\directxsamples\mygame\release\dxutcamera.obj
d:\我的文档\visual studio 2015\projects\directxsamples\mygame\release\dxutmisc.obj
d:\我的文档\visual studio 2015\projects\directxsamples\mygame\release\dxutenum.obj
d:\我的文档\visual studio 2015\projects\directxsamples\mygame\release\skill.obj
d:\我的文档\visual studio 2015\projects\directxsamples\mygame\release\scenemanager.obj
d:\我的文档\visual studio 2015\projects\directxsamples\mygame\release\props.obj
d:\我的文档\visual studio 2015\projects\directxsamples\mygame\release\players.obj
d:\我的文档\visual studio 2015\projects\directxsamples\mygame\release\monsters.obj
d:\我的文档\visual studio 2015\projects\directxsamples\mygame\release\game_gui.obj
d:\我的文档\visual studio 2015\projects\directxsamples\mygame\release\sdkwavefile.obj
d:\我的文档\visual studio 2015\projects\directxsamples\mygame\release\sdksound.obj
d:\我的文档\visual studio 2015\projects\directxsamples\mygame\release\ai.obj
d:\我的文档\visual studio 2015\projects\directxsamples\mygame\release\mygame.res
d:\我的文档\visual studio 2015\projects\directxsamples\mygame\release\mygame.tlog\cl.command.1.tlog
d:\我的文档\visual studio 2015\projects\directxsamples\mygame\release\mygame.tlog\cl.read.1.tlog
d:\我的文档\visual studio 2015\projects\directxsamples\mygame\release\mygame.tlog\cl.write.1.tlog
d:\我的文档\visual studio 2015\projects\directxsamples\mygame\release\mygame.tlog\link.command.1.tlog
d:\我的文档\visual studio 2015\projects\directxsamples\mygame\release\mygame.tlog\link.read.1.tlog
d:\我的文档\visual studio 2015\projects\directxsamples\mygame\release\mygame.tlog\link.write.1.tlog
d:\我的文档\visual studio 2015\projects\directxsamples\mygame\release\mygame.tlog\rc.command.1.tlog
d:\我的文档\visual studio 2015\projects\directxsamples\mygame\release\mygame.tlog\rc.read.1.tlog
d:\我的文档\visual studio 2015\projects\directxsamples\mygame\release\mygame.tlog\rc.write.1.tlog
