d:\我的文档\visual studio 2015\projects\directxsamples\mygame\debug\mygame.pch
d:\我的文档\visual studio 2015\projects\directxsamples\mygame\debug\vc140.pdb
d:\我的文档\visual studio 2015\projects\directxsamples\mygame\debug\vc140.idb
d:\我的文档\visual studio 2015\projects\directxsamples\mygame\debug\dxut.obj
d:\我的文档\visual studio 2015\projects\directxsamples\mygame\debug\mygame.obj
d:\我的文档\visual studio 2015\projects\directxsamples\mygame\debug\myd3d.obj
d:\我的文档\visual studio 2015\projects\directxsamples\mygame\debug\game_map.obj
d:\我的文档\visual studio 2015\projects\directxsamples\mygame\debug\sdkmisc.obj
d:\我的文档\visual studio 2015\projects\directxsamples\mygame\debug\sdkmesh.obj
d:\我的文档\visual studio 2015\projects\directxsamples\mygame\debug\dxutsettingsdlg.obj
d:\我的文档\visual studio 2015\projects\directxsamples\mygame\debug\dxutres.obj
d:\我的文档\visual studio 2015\projects\directxsamples\mygame\debug\dxutgui.obj
d:\我的文档\visual studio 2015\projects\directxsamples\mygame\debug\dxutcamera.obj
d:\我的文档\visual studio 2015\projects\directxsamples\mygame\debug\dxutmisc.obj
d:\我的文档\visual studio 2015\projects\directxsamples\mygame\debug\dxutenum.obj
d:\我的文档\visual studio 2015\projects\directxsamples\mygame\debug\skill.obj
d:\我的文档\visual studio 2015\projects\directxsamples\mygame\debug\scenemanager.obj
d:\我的文档\visual studio 2015\projects\directxsamples\mygame\debug\props.obj
d:\我的文档\visual studio 2015\projects\directxsamples\mygame\debug\players.obj
d:\我的文档\visual studio 2015\projects\directxsamples\mygame\debug\monsters.obj
d:\我的文档\visual studio 2015\projects\directxsamples\mygame\debug\game_gui.obj
d:\我的文档\visual studio 2015\projects\directxsamples\mygame\debug\sdkwavefile.obj
d:\我的文档\visual studio 2015\projects\directxsamples\mygame\debug\sdksound.obj
d:\我的文档\visual studio 2015\projects\directxsamples\mygame\debug\ai.obj
d:\我的文档\visual studio 2015\projects\directxsamples\mygame\debug\mygame.ilk
d:\我的文档\visual studio 2015\projects\directxsamples\mygame\debug\mygame.exe
d:\我的文档\visual studio 2015\projects\directxsamples\mygame\debug\mygame.pdb
d:\我的文档\visual studio 2015\projects\directxsamples\mygame\debug\mygame.res
c:\users\28029\desktop\project documents\qg侠\mygame\debug\ai.obj
c:\users\28029\desktop\project documents\qg侠\mygame\debug\dxut.obj
c:\users\28029\desktop\project documents\qg侠\mygame\debug\dxutcamera.obj
c:\users\28029\desktop\project documents\qg侠\mygame\debug\dxutenum.obj
c:\users\28029\desktop\project documents\qg侠\mygame\debug\dxutgui.obj
c:\users\28029\desktop\project documents\qg侠\mygame\debug\dxutmisc.obj
c:\users\28029\desktop\project documents\qg侠\mygame\debug\dxutres.obj
c:\users\28029\desktop\project documents\qg侠\mygame\debug\dxutsettingsdlg.obj
c:\users\28029\desktop\project documents\qg侠\mygame\debug\game_gui.obj
c:\users\28029\desktop\project documents\qg侠\mygame\debug\game_map.obj
c:\users\28029\desktop\project documents\qg侠\mygame\debug\monsters.obj
c:\users\28029\desktop\project documents\qg侠\mygame\debug\myd3d.obj
c:\users\28029\desktop\project documents\qg侠\mygame\debug\mygame.obj
c:\users\28029\desktop\project documents\qg侠\mygame\debug\players.obj
c:\users\28029\desktop\project documents\qg侠\mygame\debug\props.obj
c:\users\28029\desktop\project documents\qg侠\mygame\debug\scenemanager.obj
c:\users\28029\desktop\project documents\qg侠\mygame\debug\sdkmesh.obj
c:\users\28029\desktop\project documents\qg侠\mygame\debug\sdkmisc.obj
c:\users\28029\desktop\project documents\qg侠\mygame\debug\sdksound.obj
c:\users\28029\desktop\project documents\qg侠\mygame\debug\sdkwavefile.obj
c:\users\28029\desktop\project documents\qg侠\mygame\debug\skill.obj
c:\users\28029\desktop\project documents\qg侠\mygame\debug\mygame.ilk
c:\users\28029\desktop\project documents\qg侠\mygame\debug\mygame.res
c:\users\28029\desktop\project documents\qg侠\mygame\debug\mygame.pch
c:\users\28029\desktop\project documents\qg侠\mygame\debug\vc140.idb
c:\users\28029\desktop\project documents\qg侠\mygame\debug\mygame.pdb
c:\users\28029\desktop\project documents\qg侠\mygame\debug\vc140.pdb
c:\users\28029\desktop\project documents\qg侠\mygame\debug\mygame.exe
c:\users\28029\desktop\project documents\qg侠\mygame\debug\mygame.tlog\cl.command.1.tlog
c:\users\28029\desktop\project documents\qg侠\mygame\debug\mygame.tlog\cl.read.1.tlog
c:\users\28029\desktop\project documents\qg侠\mygame\debug\mygame.tlog\cl.write.1.tlog
c:\users\28029\desktop\project documents\qg侠\mygame\debug\mygame.tlog\link.command.1.tlog
c:\users\28029\desktop\project documents\qg侠\mygame\debug\mygame.tlog\link.read.1.tlog
c:\users\28029\desktop\project documents\qg侠\mygame\debug\mygame.tlog\link.write.1.tlog
c:\users\28029\desktop\project documents\qg侠\mygame\debug\mygame.tlog\rc.command.1.tlog
c:\users\28029\desktop\project documents\qg侠\mygame\debug\mygame.tlog\rc.read.1.tlog
c:\users\28029\desktop\project documents\qg侠\mygame\debug\mygame.tlog\rc.write.1.tlog
